{"/Users/dikshantvashistha/PrepBettr/lib/middleware/quota-middleware.ts": {"path":"/Users/dikshantvashistha/PrepBettr/lib/middleware/quota-middleware.ts","statementMap":{"0":{"start":{"line":27,"column":0},"end":{"line":27,"column":16}},"1":{"start":{"line":237,"column":0},"end":{"line":237,"column":16}},"2":{"start":{"line":3,"column":0},"end":{"line":3,"column":56}},"3":{"start":{"line":4,"column":0},"end":{"line":4,"column":76}},"4":{"start":{"line":5,"column":0},"end":{"line":5,"column":74}},"5":{"start":{"line":28,"column":2},"end":{"line":132,"column":4}},"6":{"start":{"line":29,"column":4},"end":{"line":131,"column":6}},"7":{"start":{"line":30,"column":6},"end":{"line":130,"column":7}},"8":{"start":{"line":32,"column":8},"end":{"line":48,"column":9}},"9":{"start":{"line":33,"column":10},"end":{"line":33,"column":89}},"10":{"start":{"line":36,"column":32},"end":{"line":36,"column":65}},"11":{"start":{"line":37,"column":10},"end":{"line":44,"column":11}},"12":{"start":{"line":38,"column":39},"end":{"line":38,"column":94}},"13":{"start":{"line":39,"column":12},"end":{"line":43,"column":13}},"14":{"start":{"line":40,"column":29},"end":{"line":40,"column":64}},"15":{"start":{"line":41,"column":31},"end":{"line":41,"column":56}},"16":{"start":{"line":42,"column":14},"end":{"line":42,"column":53}},"17":{"start":{"line":47,"column":10},"end":{"line":47,"column":45}},"18":{"start":{"line":50,"column":30},"end":{"line":50,"column":63}},"19":{"start":{"line":52,"column":8},"end":{"line":61,"column":9}},"20":{"start":{"line":53,"column":10},"end":{"line":60,"column":12}},"21":{"start":{"line":64,"column":35},"end":{"line":64,"column":90}},"22":{"start":{"line":66,"column":8},"end":{"line":76,"column":9}},"23":{"start":{"line":67,"column":10},"end":{"line":75,"column":12}},"24":{"start":{"line":78,"column":23},"end":{"line":78,"column":58}},"25":{"start":{"line":79,"column":33},"end":{"line":79,"column":61}},"26":{"start":{"line":82,"column":28},"end":{"line":85,"column":null}},"27":{"start":{"line":88,"column":8},"end":{"line":102,"column":9}},"28":{"start":{"line":90,"column":10},"end":{"line":101,"column":12}},"29":{"start":{"line":105,"column":25},"end":{"line":105,"column":50}},"30":{"start":{"line":106,"column":25},"end":{"line":106,"column":56}},"31":{"start":{"line":109,"column":8},"end":{"line":116,"column":9}},"32":{"start":{"line":111,"column":10},"end":{"line":115,"column":15}},"33":{"start":{"line":113,"column":14},"end":{"line":113,"column":73}},"34":{"start":{"line":118,"column":8},"end":{"line":118,"column":24}},"35":{"start":{"line":121,"column":8},"end":{"line":121,"column":56}},"36":{"start":{"line":122,"column":8},"end":{"line":129,"column":10}},"37":{"start":{"line":143,"column":2},"end":{"line":190,"column":3}},"38":{"start":{"line":145,"column":24},"end":{"line":145,"column":89}},"39":{"start":{"line":147,"column":4},"end":{"line":172,"column":5}},"40":{"start":{"line":149,"column":6},"end":{"line":156,"column":7}},"41":{"start":{"line":150,"column":8},"end":{"line":155,"column":10}},"42":{"start":{"line":158,"column":6},"end":{"line":165,"column":7}},"43":{"start":{"line":159,"column":8},"end":{"line":164,"column":10}},"44":{"start":{"line":167,"column":6},"end":{"line":171,"column":8}},"45":{"start":{"line":175,"column":31},"end":{"line":175,"column":90}},"46":{"start":{"line":177,"column":4},"end":{"line":181,"column":6}},"47":{"start":{"line":184,"column":4},"end":{"line":184,"column":55}},"48":{"start":{"line":186,"column":4},"end":{"line":189,"column":6}},"49":{"start":{"line":200,"column":2},"end":{"line":205,"column":3}},"50":{"start":{"line":201,"column":4},"end":{"line":201,"column":69}},"51":{"start":{"line":203,"column":4},"end":{"line":203,"column":63}},"52":{"start":{"line":204,"column":4},"end":{"line":204,"column":16}},"53":{"start":{"line":212,"column":64},"end":{"line":216,"column":4}},"54":{"start":{"line":218,"column":2},"end":{"line":218,"column":42}},"55":{"start":{"line":229,"column":22},"end":{"line":229,"column":52}},"56":{"start":{"line":231,"column":2},"end":{"line":231,"column":147}},"57":{"start":{"line":239,"column":16},"end":{"line":239,"column":79}},"58":{"start":{"line":240,"column":20},"end":{"line":240,"column":33}},"59":{"start":{"line":242,"column":2},"end":{"line":341,"column":4}},"60":{"start":{"line":243,"column":4},"end":{"line":340,"column":6}},"61":{"start":{"line":244,"column":6},"end":{"line":339,"column":7}},"62":{"start":{"line":245,"column":30},"end":{"line":245,"column":63}},"63":{"start":{"line":247,"column":8},"end":{"line":256,"column":9}},"64":{"start":{"line":248,"column":10},"end":{"line":255,"column":12}},"65":{"start":{"line":258,"column":35},"end":{"line":258,"column":90}},"66":{"start":{"line":260,"column":8},"end":{"line":270,"column":9}},"67":{"start":{"line":261,"column":10},"end":{"line":269,"column":12}},"68":{"start":{"line":272,"column":23},"end":{"line":272,"column":58}},"69":{"start":{"line":273,"column":33},"end":{"line":273,"column":61}},"70":{"start":{"line":274,"column":25},"end":{"line":274,"column":68}},"71":{"start":{"line":278,"column":23},"end":{"line":278,"column":42}},"72":{"start":{"line":280,"column":8},"end":{"line":295,"column":9}},"73":{"start":{"line":281,"column":10},"end":{"line":281,"column":38}},"74":{"start":{"line":284,"column":10},"end":{"line":288,"column":12}},"75":{"start":{"line":291,"column":10},"end":{"line":294,"column":13}},"76":{"start":{"line":297,"column":8},"end":{"line":310,"column":9}},"77":{"start":{"line":298,"column":10},"end":{"line":309,"column":12}},"78":{"start":{"line":313,"column":25},"end":{"line":313,"column":52}},"79":{"start":{"line":316,"column":8},"end":{"line":325,"column":9}},"80":{"start":{"line":318,"column":10},"end":{"line":318,"column":33}},"81":{"start":{"line":321,"column":10},"end":{"line":324,"column":15}},"82":{"start":{"line":323,"column":14},"end":{"line":323,"column":73}},"83":{"start":{"line":327,"column":8},"end":{"line":327,"column":24}},"84":{"start":{"line":330,"column":8},"end":{"line":330,"column":56}},"85":{"start":{"line":331,"column":8},"end":{"line":338,"column":10}}},"fnMap":{"0":{"name":"withQuota","decl":{"start":{"line":27,"column":16},"end":{"line":27,"column":25}},"loc":{"start":{"line":27,"column":51},"end":{"line":133,"column":1}}},"1":{"name":"(anonymous_1)","decl":{"start":{"line":28,"column":9},"end":{"line":28,"column":18}},"loc":{"start":{"line":28,"column":100},"end":{"line":132,"column":3}}},"2":{"name":"(anonymous_2)","decl":{"start":{"line":29,"column":11},"end":{"line":29,"column":16}},"loc":{"start":{"line":29,"column":57},"end":{"line":131,"column":5}}},"3":{"name":"(anonymous_3)","decl":{"start":{"line":112,"column":19},"end":{"line":112,"column":24}},"loc":{"start":{"line":112,"column":27},"end":{"line":115,"column":13}}},"4":{"name":"checkUserQuota","decl":{"start":{"line":138,"column":15},"end":{"line":138,"column":29}},"loc":{"start":{"line":141,"column":19},"end":{"line":191,"column":1}}},"5":{"name":"incrementUsageCounter","decl":{"start":{"line":196,"column":15},"end":{"line":196,"column":36}},"loc":{"start":{"line":198,"column":34},"end":{"line":206,"column":1}}},"6":{"name":"getFeatureDisplayName","decl":{"start":{"line":211,"column":9},"end":{"line":211,"column":30}},"loc":{"start":{"line":211,"column":63},"end":{"line":219,"column":1}}},"7":{"name":"getUpgradeMessage","decl":{"start":{"line":224,"column":9},"end":{"line":224,"column":26}},"loc":{"start":{"line":227,"column":15},"end":{"line":232,"column":1}}},"8":{"name":"withQuotaAndCache","decl":{"start":{"line":237,"column":16},"end":{"line":237,"column":33}},"loc":{"start":{"line":237,"column":59},"end":{"line":342,"column":1}}},"9":{"name":"(anonymous_9)","decl":{"start":{"line":242,"column":9},"end":{"line":242,"column":18}},"loc":{"start":{"line":242,"column":85},"end":{"line":341,"column":3}}},"10":{"name":"(anonymous_10)","decl":{"start":{"line":243,"column":11},"end":{"line":243,"column":16}},"loc":{"start":{"line":243,"column":57},"end":{"line":340,"column":5}}},"11":{"name":"(anonymous_11)","decl":{"start":{"line":322,"column":19},"end":{"line":322,"column":24}},"loc":{"start":{"line":322,"column":27},"end":{"line":324,"column":13}}}},"branchMap":{"0":{"loc":{"start":{"line":32,"column":8},"end":{"line":48,"column":9}},"type":"if","locations":[{"start":{"line":32,"column":8},"end":{"line":48,"column":9}},{"start":{},"end":{}}]},"1":{"loc":{"start":{"line":36,"column":32},"end":{"line":36,"column":65}},"type":"cond-expr","locations":[{"start":{"line":36,"column":58},"end":{"line":36,"column":60}},{"start":{"line":36,"column":58},"end":{"line":36,"column":65}}]},"2":{"loc":{"start":{"line":36,"column":32},"end":{"line":36,"column":60}},"type":"binary-expr","locations":[{"start":{"line":36,"column":32},"end":{"line":36,"column":60}},{"start":{"line":36,"column":58},"end":{"line":36,"column":60}}]},"3":{"loc":{"start":{"line":37,"column":10},"end":{"line":44,"column":11}},"type":"if","locations":[{"start":{"line":37,"column":10},"end":{"line":44,"column":11}},{"start":{},"end":{}}]},"4":{"loc":{"start":{"line":39,"column":12},"end":{"line":43,"column":13}},"type":"if","locations":[{"start":{"line":39,"column":12},"end":{"line":43,"column":13}},{"start":{},"end":{}}]},"5":{"loc":{"start":{"line":39,"column":16},"end":{"line":39,"column":77}},"type":"binary-expr","locations":[{"start":{"line":39,"column":16},"end":{"line":39,"column":42}},{"start":{"line":39,"column":46},"end":{"line":39,"column":77}}]},"6":{"loc":{"start":{"line":50,"column":30},"end":{"line":50,"column":63}},"type":"cond-expr","locations":[{"start":{"line":50,"column":56},"end":{"line":50,"column":58}},{"start":{"line":50,"column":56},"end":{"line":50,"column":63}}]},"7":{"loc":{"start":{"line":50,"column":30},"end":{"line":50,"column":58}},"type":"binary-expr","locations":[{"start":{"line":50,"column":30},"end":{"line":50,"column":58}},{"start":{"line":50,"column":56},"end":{"line":50,"column":58}}]},"8":{"loc":{"start":{"line":52,"column":8},"end":{"line":61,"column":9}},"type":"if","locations":[{"start":{"line":52,"column":8},"end":{"line":61,"column":9}},{"start":{},"end":{}}]},"9":{"loc":{"start":{"line":66,"column":8},"end":{"line":76,"column":9}},"type":"if","locations":[{"start":{"line":66,"column":8},"end":{"line":76,"column":9}},{"start":{},"end":{}}]},"10":{"loc":{"start":{"line":66,"column":12},"end":{"line":66,"column":75}},"type":"binary-expr","locations":[{"start":{"line":66,"column":12},"end":{"line":66,"column":39}},{"start":{"line":66,"column":43},"end":{"line":66,"column":75}}]},"11":{"loc":{"start":{"line":79,"column":33},"end":{"line":79,"column":61}},"type":"binary-expr","locations":[{"start":{"line":79,"column":33},"end":{"line":79,"column":51}},{"start":{"line":79,"column":55},"end":{"line":79,"column":61}}]},"12":{"loc":{"start":{"line":88,"column":8},"end":{"line":102,"column":9}},"type":"if","locations":[{"start":{"line":88,"column":8},"end":{"line":102,"column":9}},{"start":{},"end":{}}]},"13":{"loc":{"start":{"line":109,"column":8},"end":{"line":116,"column":9}},"type":"if","locations":[{"start":{"line":109,"column":8},"end":{"line":116,"column":9}},{"start":{},"end":{}}]},"14":{"loc":{"start":{"line":109,"column":12},"end":{"line":109,"column":59}},"type":"binary-expr","locations":[{"start":{"line":109,"column":12},"end":{"line":109,"column":34}},{"start":{"line":109,"column":38},"end":{"line":109,"column":59}}]},"15":{"loc":{"start":{"line":126,"column":21},"end":{"line":126,"column":77}},"type":"cond-expr","locations":[{"start":{"line":126,"column":46},"end":{"line":126,"column":59}},{"start":{"line":126,"column":62},"end":{"line":126,"column":77}}]},"16":{"loc":{"start":{"line":147,"column":4},"end":{"line":172,"column":5}},"type":"if","locations":[{"start":{"line":147,"column":4},"end":{"line":172,"column":5}},{"start":{},"end":{}}]},"17":{"loc":{"start":{"line":149,"column":6},"end":{"line":156,"column":7}},"type":"if","locations":[{"start":{"line":149,"column":6},"end":{"line":156,"column":7}},{"start":{},"end":{}}]},"18":{"loc":{"start":{"line":158,"column":6},"end":{"line":165,"column":7}},"type":"if","locations":[{"start":{"line":158,"column":6},"end":{"line":165,"column":7}},{"start":{},"end":{}}]},"19":{"loc":{"start":{"line":161,"column":17},"end":{"line":161,"column":100}},"type":"binary-expr","locations":[{"start":{"line":161,"column":17},"end":{"line":161,"column":35}},{"start":{"line":161,"column":39},"end":{"line":161,"column":100}}]},"20":{"loc":{"start":{"line":169,"column":15},"end":{"line":169,"column":52}},"type":"binary-expr","locations":[{"start":{"line":169,"column":15},"end":{"line":169,"column":33}},{"start":{"line":169,"column":37},"end":{"line":169,"column":52}}]},"21":{"loc":{"start":{"line":179,"column":12},"end":{"line":179,"column":62}},"type":"cond-expr","locations":[{"start":{"line":179,"column":44},"end":{"line":179,"column":53}},{"start":{"line":179,"column":56},"end":{"line":179,"column":62}}]},"22":{"loc":{"start":{"line":180,"column":20},"end":{"line":180,"column":55}},"type":"cond-expr","locations":[{"start":{"line":180,"column":44},"end":{"line":180,"column":47}},{"start":{"line":180,"column":44},"end":{"line":180,"column":55}}]},"23":{"loc":{"start":{"line":180,"column":20},"end":{"line":180,"column":47}},"type":"binary-expr","locations":[{"start":{"line":180,"column":20},"end":{"line":180,"column":47}},{"start":{"line":180,"column":44},"end":{"line":180,"column":47}}]},"24":{"loc":{"start":{"line":218,"column":9},"end":{"line":218,"column":41}},"type":"binary-expr","locations":[{"start":{"line":218,"column":9},"end":{"line":218,"column":30}},{"start":{"line":218,"column":34},"end":{"line":218,"column":41}}]},"25":{"loc":{"start":{"line":245,"column":30},"end":{"line":245,"column":63}},"type":"cond-expr","locations":[{"start":{"line":245,"column":56},"end":{"line":245,"column":58}},{"start":{"line":245,"column":56},"end":{"line":245,"column":63}}]},"26":{"loc":{"start":{"line":245,"column":30},"end":{"line":245,"column":58}},"type":"binary-expr","locations":[{"start":{"line":245,"column":30},"end":{"line":245,"column":58}},{"start":{"line":245,"column":56},"end":{"line":245,"column":58}}]},"27":{"loc":{"start":{"line":247,"column":8},"end":{"line":256,"column":9}},"type":"if","locations":[{"start":{"line":247,"column":8},"end":{"line":256,"column":9}},{"start":{},"end":{}}]},"28":{"loc":{"start":{"line":260,"column":8},"end":{"line":270,"column":9}},"type":"if","locations":[{"start":{"line":260,"column":8},"end":{"line":270,"column":9}},{"start":{},"end":{}}]},"29":{"loc":{"start":{"line":260,"column":12},"end":{"line":260,"column":75}},"type":"binary-expr","locations":[{"start":{"line":260,"column":12},"end":{"line":260,"column":39}},{"start":{"line":260,"column":43},"end":{"line":260,"column":75}}]},"30":{"loc":{"start":{"line":273,"column":33},"end":{"line":273,"column":61}},"type":"binary-expr","locations":[{"start":{"line":273,"column":33},"end":{"line":273,"column":51}},{"start":{"line":273,"column":55},"end":{"line":273,"column":61}}]},"31":{"loc":{"start":{"line":280,"column":8},"end":{"line":295,"column":9}},"type":"if","locations":[{"start":{"line":280,"column":8},"end":{"line":295,"column":9}},{"start":{"line":282,"column":15},"end":{"line":295,"column":9}}]},"32":{"loc":{"start":{"line":280,"column":12},"end":{"line":280,"column":48}},"type":"binary-expr","locations":[{"start":{"line":280,"column":12},"end":{"line":280,"column":18}},{"start":{"line":280,"column":22},"end":{"line":280,"column":48}}]},"33":{"loc":{"start":{"line":297,"column":8},"end":{"line":310,"column":9}},"type":"if","locations":[{"start":{"line":297,"column":8},"end":{"line":310,"column":9}},{"start":{},"end":{}}]},"34":{"loc":{"start":{"line":316,"column":8},"end":{"line":325,"column":9}},"type":"if","locations":[{"start":{"line":316,"column":8},"end":{"line":325,"column":9}},{"start":{},"end":{}}]},"35":{"loc":{"start":{"line":316,"column":12},"end":{"line":316,"column":59}},"type":"binary-expr","locations":[{"start":{"line":316,"column":12},"end":{"line":316,"column":34}},{"start":{"line":316,"column":38},"end":{"line":316,"column":59}}]},"36":{"loc":{"start":{"line":335,"column":21},"end":{"line":335,"column":77}},"type":"cond-expr","locations":[{"start":{"line":335,"column":46},"end":{"line":335,"column":59}},{"start":{"line":335,"column":62},"end":{"line":335,"column":77}}]}},"s":{"0":1,"1":1,"2":1,"3":1,"4":1,"5":13,"6":13,"7":13,"8":13,"9":2,"10":2,"11":2,"12":1,"13":1,"14":1,"15":1,"16":1,"17":1,"18":11,"19":11,"20":1,"21":10,"22":9,"23":1,"24":8,"25":8,"26":8,"27":8,"28":8,"29":0,"30":0,"31":0,"32":0,"33":0,"34":0,"35":1,"36":1,"37":8,"38":8,"39":0,"40":0,"41":0,"42":0,"43":0,"44":0,"45":0,"46":0,"47":8,"48":8,"49":0,"50":0,"51":0,"52":0,"53":0,"54":0,"55":0,"56":0,"57":0,"58":0,"59":0,"60":0,"61":0,"62":0,"63":0,"64":0,"65":0,"66":0,"67":0,"68":0,"69":0,"70":0,"71":0,"72":0,"73":0,"74":0,"75":0,"76":0,"77":0,"78":0,"79":0,"80":0,"81":0,"82":0,"83":0,"84":0,"85":0},"f":{"0":13,"1":13,"2":13,"3":0,"4":8,"5":0,"6":0,"7":0,"8":0,"9":0,"10":0,"11":0},"b":{"0":[2,11],"1":[1,1],"2":[2,2],"3":[1,1],"4":[1,0],"5":[1,1],"6":[1,10],"7":[11,11],"8":[1,10],"9":[1,8],"10":[9,8],"11":[8,7],"12":[8,0],"13":[0,0],"14":[0,0],"15":[1,0],"16":[0,0],"17":[0,0],"18":[0,0],"19":[0,0],"20":[0,0],"21":[0,0],"22":[0,0],"23":[0,0],"24":[0,0],"25":[0,0],"26":[0,0],"27":[0,0],"28":[0,0],"29":[0,0],"30":[0,0],"31":[0,0],"32":[0,0],"33":[0,0],"34":[0,0],"35":[0,0],"36":[0,0]}}
}
