TN:
SF:lib/middleware/quota-middleware.ts
FN:27,withQuota
FN:28,(anonymous_1)
FN:29,(anonymous_2)
FN:112,(anonymous_3)
FN:138,checkUserQuota
FN:196,incrementUsageCounter
FN:211,getFeatureDisplayName
FN:224,getUpgradeMessage
FN:237,withQuotaAndCache
FN:242,(anonymous_9)
FN:243,(anonymous_10)
FN:322,(anonymous_11)
FNF:12
FNH:4
FNDA:13,withQuota
FNDA:13,(anonymous_1)
FNDA:13,(anonymous_2)
FNDA:0,(anonymous_3)
FNDA:8,checkUserQuota
FNDA:0,incrementUsageCounter
FNDA:0,getFeatureDisplayName
FNDA:0,getUpgradeMessage
FNDA:0,withQuotaAndCache
FNDA:0,(anonymous_9)
FNDA:0,(anonymous_10)
FNDA:0,(anonymous_11)
DA:3,1
DA:4,1
DA:5,1
DA:27,1
DA:28,13
DA:29,13
DA:30,13
DA:32,13
DA:33,2
DA:36,2
DA:37,2
DA:38,1
DA:39,1
DA:40,1
DA:41,1
DA:42,1
DA:47,1
DA:50,11
DA:52,11
DA:53,1
DA:64,10
DA:66,9
DA:67,1
DA:78,8
DA:79,8
DA:82,8
DA:88,8
DA:90,8
DA:105,0
DA:106,0
DA:109,0
DA:111,0
DA:113,0
DA:118,0
DA:121,1
DA:122,1
DA:143,8
DA:145,8
DA:147,0
DA:149,0
DA:150,0
DA:158,0
DA:159,0
DA:167,0
DA:175,0
DA:177,0
DA:184,8
DA:186,8
DA:200,0
DA:201,0
DA:203,0
DA:204,0
DA:212,0
DA:218,0
DA:229,0
DA:231,0
DA:237,1
DA:239,0
DA:240,0
DA:242,0
DA:243,0
DA:244,0
DA:245,0
DA:247,0
DA:248,0
DA:258,0
DA:260,0
DA:261,0
DA:272,0
DA:273,0
DA:274,0
DA:278,0
DA:280,0
DA:281,0
DA:284,0
DA:291,0
DA:297,0
DA:298,0
DA:313,0
DA:316,0
DA:318,0
DA:321,0
DA:323,0
DA:327,0
DA:330,0
DA:331,0
LF:86
LH:35
BRDA:32,0,0,2
BRDA:32,0,1,11
BRDA:36,1,0,1
BRDA:36,1,1,1
BRDA:36,2,0,2
BRDA:36,2,1,2
BRDA:37,3,0,1
BRDA:37,3,1,1
BRDA:39,4,0,1
BRDA:39,4,1,0
BRDA:39,5,0,1
BRDA:39,5,1,1
BRDA:50,6,0,1
BRDA:50,6,1,10
BRDA:50,7,0,11
BRDA:50,7,1,11
BRDA:52,8,0,1
BRDA:52,8,1,10
BRDA:66,9,0,1
BRDA:66,9,1,8
BRDA:66,10,0,9
BRDA:66,10,1,8
BRDA:79,11,0,8
BRDA:79,11,1,7
BRDA:88,12,0,8
BRDA:88,12,1,0
BRDA:109,13,0,0
BRDA:109,13,1,0
BRDA:109,14,0,0
BRDA:109,14,1,0
BRDA:126,15,0,1
BRDA:126,15,1,0
BRDA:147,16,0,0
BRDA:147,16,1,0
BRDA:149,17,0,0
BRDA:149,17,1,0
BRDA:158,18,0,0
BRDA:158,18,1,0
BRDA:161,19,0,0
BRDA:161,19,1,0
BRDA:169,20,0,0
BRDA:169,20,1,0
BRDA:179,21,0,0
BRDA:179,21,1,0
BRDA:180,22,0,0
BRDA:180,22,1,0
BRDA:180,23,0,0
BRDA:180,23,1,0
BRDA:218,24,0,0
BRDA:218,24,1,0
BRDA:245,25,0,0
BRDA:245,25,1,0
BRDA:245,26,0,0
BRDA:245,26,1,0
BRDA:247,27,0,0
BRDA:247,27,1,0
BRDA:260,28,0,0
BRDA:260,28,1,0
BRDA:260,29,0,0
BRDA:260,29,1,0
BRDA:273,30,0,0
BRDA:273,30,1,0
BRDA:280,31,0,0
BRDA:280,31,1,0
BRDA:280,32,0,0
BRDA:280,32,1,0
BRDA:297,33,0,0
BRDA:297,33,1,0
BRDA:316,34,0,0
BRDA:316,34,1,0
BRDA:316,35,0,0
BRDA:316,35,1,0
BRDA:335,36,0,0
BRDA:335,36,1,0
BRF:74
BRH:25
end_of_record
